<?xml version="1.0" encoding="UTF-8"?>
<!-- Generated by org.testng.reporters.JUnitReportReporter -->
<testsuite hostname="Lenovo" failures="0" tests="7" name="org.test.edu.TestSample1" time="62.197" errors="0" timestamp="02 Aug 2021 04:23:41 GMT" skipped="0">
  <testcase classname="org.test.edu.TestSample1" name="tc2" time="0.019"/>
  <testcase classname="org.test.edu.TestSample1" name="tc1" time="13.268"/>
  <testcase classname="org.test.edu.TestSample1" name="tc1" time="11.937"/>
  <testcase classname="org.test.edu.TestSample1" name="tc1" time="8.912"/>
  <testcase classname="org.test.edu.TestSample1" name="tc1" time="16.989"/>
  <testcase classname="org.test.edu.TestSample1" name="tc1" time="11.070"/>
  <testcase classname="org.test.edu.TestSample1" name="tc3" time="0.002"/>
</testsuite> <!-- org.test.edu.TestSample1 -->
