<?xml version="1.0" encoding="UTF-8"?>
<!-- Generated by org.testng.reporters.JUnitReportReporter -->
<testsuite hostname="Lenovo" failures="0" tests="7" name="org.test.edu.TestSample1" time="59.082" errors="0" timestamp="02 Aug 2021 09:14:27 GMT" skipped="0">
  <testcase classname="org.test.edu.TestSample1" name="tc2" time="0.003"/>
  <testcase classname="org.test.edu.TestSample1" name="tc1" time="8.955"/>
  <testcase classname="org.test.edu.TestSample1" name="tc1" time="11.159"/>
  <testcase classname="org.test.edu.TestSample1" name="tc1" time="11.609"/>
  <testcase classname="org.test.edu.TestSample1" name="tc1" time="14.572"/>
  <testcase classname="org.test.edu.TestSample1" name="tc1" time="12.782"/>
  <testcase classname="org.test.edu.TestSample1" name="tc3" time="0.002"/>
</testsuite> <!-- org.test.edu.TestSample1 -->
