<?xml version="1.0" encoding="UTF-8"?>
<!-- Generated by org.testng.reporters.JUnitReportReporter -->
<testsuite hostname="Lenovo" failures="0" tests="3" name="org.test.edu.TestSample2" time="0.028" errors="0" timestamp="02 Aug 2021 09:14:27 GMT" skipped="0">
  <testcase classname="org.test.edu.TestSample2" name="ts2" time="0.002"/>
  <testcase classname="org.test.edu.TestSample2" name="ts22" time="0.016"/>
  <testcase classname="org.test.edu.TestSample2" name="ts23" time="0.010"/>
</testsuite> <!-- org.test.edu.TestSample2 -->
