<?xml version="1.0" encoding="UTF-8"?>
<!-- Generated by org.testng.reporters.JUnitReportReporter -->
<testsuite hostname="Lenovo" failures="0" tests="3" name="org.test.edu.TestSample3" time="0.033" errors="0" timestamp="02 Aug 2021 09:14:27 GMT" skipped="0">
  <testcase classname="org.test.edu.TestSample3" name="ts32" time="0.002"/>
  <testcase classname="org.test.edu.TestSample3" name="ts31" time="0.020"/>
  <testcase classname="org.test.edu.TestSample3" name="ts3" time="0.011"/>
</testsuite> <!-- org.test.edu.TestSample3 -->
