<?xml version="1.0" encoding="UTF-8"?>
<!-- Generated by org.testng.reporters.JUnitReportReporter -->
<testsuite hostname="Lenovo" failures="0" tests="5" name="org.workspace.edu.TestNxtGen" time="0.047" errors="0" timestamp="30 Jul 2021 16:42:46 GMT" skipped="2">
  <testcase classname="org.workspace.edu.TestNxtGen" name="t2" time="0.015"/>
  <testcase classname="org.workspace.edu.TestNxtGen" name="t1" time="0.009"/>
  <testcase classname="org.workspace.edu.TestNxtGen" name="t3" time="0.023"/>
  <testcase classname="org.workspace.edu.TestNxtGen" name="t4">
    <skipped/>
  </testcase> <!-- t4 -->
  <testcase classname="org.workspace.edu.TestNxtGen" name="t5">
    <skipped/>
  </testcase> <!-- t5 -->
</testsuite> <!-- org.workspace.edu.TestNxtGen -->
